<?xml version="1.0" encoding="UTF-8"?>
<testng-results ignored="4" total="5" passed="1" failed="0" skipped="0">
  <reporter-output>
  </reporter-output>
  <suite started-at="2025-02-20T22:30:49 IST" name="Default suite" finished-at="2025-02-20T22:31:17 IST" duration-ms="27927">
    <groups>
    </groups>
    <test started-at="2025-02-20T22:30:49 IST" name="Default test" finished-at="2025-02-20T22:31:17 IST" duration-ms="27927">
      <class name="com.test.ValidateRegister">
        <test-method is-config="true" signature="openBrowser()[pri:0, instance:com.test.ValidateRegister@6caf0677]" started-at="2025-02-20T22:30:49 IST" name="openBrowser" finished-at="2025-02-20T22:31:13 IST" duration-ms="23491" status="PASS">
          <reporter-output>
          </reporter-output>
        </test-method> <!-- openBrowser -->
        <test-method signature="validateWithAllFields()[pri:1, instance:com.test.ValidateRegister@6caf0677]" started-at="2025-02-20T22:31:13 IST" name="validateWithAllFields" finished-at="2025-02-20T22:31:17 IST" duration-ms="4019" status="PASS">
          <reporter-output>
          </reporter-output>
        </test-method> <!-- validateWithAllFields -->
        <test-method is-config="true" signature="tearDown()[pri:0, instance:com.test.ValidateRegister@6caf0677]" started-at="2025-02-20T22:31:17 IST" name="tearDown" finished-at="2025-02-20T22:31:17 IST" duration-ms="372" status="PASS">
          <reporter-output>
          </reporter-output>
        </test-method> <!-- tearDown -->
      </class> <!-- com.test.ValidateRegister -->
    </test> <!-- Default test -->
  </suite> <!-- Default suite -->
</testng-results>
