<?xml version="1.0" encoding="UTF-8"?>
<!-- Generated by org.testng.reporters.JUnitXMLReporter -->
<testsuite ignored="4" hostname="QHTRLRQ3" failures="0" tests="1" name="Default test" time="27.927" errors="0" timestamp="2025-02-20T22:31:17 IST">
  <testcase classname="com.test.ValidateRegister" name="validateWithAllFields" time="4.019"/>
  <testcase classname="com.test.ValidateRegister" name="validateWithoutProvidingAnyfields" time="0.0">
    <ignored/>
  </testcase> <!-- validateWithoutProvidingAnyfields -->
  <testcase classname="com.test.ValidateRegister" name="validateRegisterBySelectingnewsLetterAsYes" time="0.0">
    <ignored/>
  </testcase> <!-- validateRegisterBySelectingnewsLetterAsYes -->
  <testcase classname="com.test.ValidateRegister" name="registerWithMandatoryfields" time="0.0">
    <ignored/>
  </testcase> <!-- registerWithMandatoryfields -->
  <testcase classname="com.test.ValidateRegister" name="validateRegisterBySelectingnewsLetterAsNo" time="0.0">
    <ignored/>
  </testcase> <!-- validateRegisterBySelectingnewsLetterAsNo -->
</testsuite> <!-- Default test -->
