<?xml version="1.0" encoding="UTF-8"?>
<!-- Generated by org.testng.reporters.JUnitXMLReporter -->
<testsuite ignored="0" hostname="QHTRLRQ3" failures="0" tests="7" name="Test" time="113.986" errors="0" timestamp="2025-02-20T22:13:50 IST">
  <testcase classname="com.test.ValidateRegister" name="registerWithMandatoryfields" time="2.519"/>
  <testcase classname="com.test.ValidateRegister" name="validateWithAllFields" time="1.833"/>
  <testcase classname="com.test.ValidateRegister" name="validateWithoutProvidingAnyfields" time="0.895"/>
  <testcase classname="com.test.ValidateRegister" name="validateRegisterBySelectingnewsLetterAsYes" time="5.84"/>
  <testcase classname="com.test.ValidateRegister" name="validateRegisterBySelectingnewsLetterAsNo" time="2.707"/>
  <testcase classname="com.test.ValidateLogin" name="loginWithValidCred" time="1.539"/>
  <testcase classname="com.test.ValidateLogin" name="loginWithInValidCred" time="1.242"/>
</testsuite> <!-- Test -->
